<?xml version="1.0" encoding="UTF-8"?>
<testsuite xmlns:xsi="http://www.w3.org/2001/XMLSchema-instance" xsi:noNamespaceSchemaLocation="https://maven.apache.org/surefire/maven-surefire-plugin/xsd/surefire-test-report.xsd" name="com.raf.loghawk.kafkaClient.LogHawkKafkaProducerTest" time="0.347" tests="2" errors="0" skipped="0" failures="0">
  <properties>
[...]
</properties>
  <testcase name="testGetKfkP" classname="com.raf.loghawk.kafkaClient.LogHawkKafkaProducerTest" time="0.007"/>
  <testcase name="testSetKfkP" classname="com.raf.loghawk.kafkaClient.LogHawkKafkaProducerTest" time="0"/>
</testsuite>